[10:50:44.177] [INFO] storybook v10.4.3
[10:50:44.759] [DEBUG] Command "yarn.cmd" not found, trying next variation...
[10:50:44.936] [DEBUG] Command "yarn.exe" not found, trying next variation...
[10:50:45.077] [DEBUG] Command "yarn.ps1" not found, trying next variation...
[10:50:46.994] [DEBUG] Getting package.json info for C:/Developer/workspace/design/chaos_style/package.json...
[10:50:52.571] [WARN] No story files found for the specified pattern: [34msrc\intro\**\*.stories.@(js|jsx|mjs|ts|tsx)[39m
[10:50:52.579] [WARN] No story files found for the specified pattern: [34msrc\components\**\*.mdx[39m
[10:50:52.588] [WARN] No story files found for the specified pattern: [34msrc\business\**\*.mdx[39m
[10:50:52.590] [WARN] No story files found for the specified pattern: [34msrc\layout\**\*.mdx[39m
[10:50:54.128] [DEBUG] Serving static files from [36mnode_modules/.pnpm/@chromatic-com+storybook@5._bc11e0d0e4e47959102a5df7fafcb51a/node_modules/@chromatic-com/storybook/assets[39m at [36m/addon-visual-tests-assets[39m
[10:50:54.128] [DEBUG] Serving static files from [36mpublic[39m at [36m/[39m
[10:50:54.129] [INFO] Starting...
[10:50:55.000] [DEBUG] Starting preview..
[10:50:55.144] [DEBUG] Using tsconfig paths for react-docgen
[10:51:07.840] [DEBUG] Change detection enabled.
[10:51:07.841] [DEBUG] Change detection: snapshotting Vite resolve config (restart required if vite.config.ts changes)
[10:51:07.845] [DEBUG] Change detection: ignored 28 regex alias(es); related modules tracked as opaque-leaf.
[10:51:07.845] [DEBUG] ChangeDetectionResolverFactory: skipped regex aliases [/^react$/, /^react\/jsx-runtime$/, /^react\/jsx-dev-runtime$/, /^react-dom$/, /^react-dom\/server$/, /^react-dom\/test-utils$/, /^react-dom\/client$/, /^react-dom\/cjs\/react-dom\.development\.js$/, /^@storybook\/global$/, /^storybook\/test$/, /^storybook\/actions$/, /^storybook\/preview-api$/, /^storybook\/internal\/channels$/, /^storybook\/internal\/client-logger$/, /^storybook\/internal\/core-events$/, /^storybook\/internal\/preview-errors$/, /^storybook\/internal\/types$/, /^storybook\/internal\/preview-api$/, /^react$/, /^react\/jsx-runtime$/, /^react\/jsx-dev-runtime$/, /^react-dom$/, /^react-dom\/server$/, /^react-dom\/test-utils$/, /^react-dom\/client$/, /^react-dom\/cjs\/react-dom\.development\.js$/, /^\/?@vite\/env/, /^\/?@vite\/client/]
[10:51:08.262] [ERROR] [38;2;241;97;97mError: listen EADDRINUSE: address already in use :::6006[39m
    at Server.setupListenHandle [as _listen2] (node:net:2008:16)
    at listenInCluster (node:net:2065:12)
    at Server.listen (node:net:2170:7)
    at _Polka.listen (file:///C:/Developer/workspace/design/chaos_style/node_modules/.pnpm/storybook@10.4.3_@testing-l_8fcd3a988ea73fad03740120670d038b/node_modules/storybook/dist/core-server/index.js:9924:110)
    at file:///C:/Developer/workspace/design/chaos_style/node_modules/.pnpm/storybook@10.4.3_@testing-l_8fcd3a988ea73fad03740120670d038b/node_modules/storybook/dist/core-server/index.js:11517:39
    at new Promise (<anonymous>)
    at storybookDevServer (file:///C:/Developer/workspace/design/chaos_style/node_modules/.pnpm/storybook@10.4.3_@testing-l_8fcd3a988ea73fad03740120670d038b/node_modules/storybook/dist/core-server/index.js:11516:19)
    at async buildOrThrow (file:///C:/Developer/workspace/design/chaos_style/node_modules/.pnpm/storybook@10.4.3_@testing-l_8fcd3a988ea73fad03740120670d038b/node_modules/storybook/dist/core-server/index.js:8205:12)
    at async buildDevStandalone (file:///C:/Developer/workspace/design/chaos_style/node_modules/.pnpm/storybook@10.4.3_@testing-l_8fcd3a988ea73fad03740120670d038b/node_modules/storybook/dist/core-server/index.js:12057:41)
    at async withTelemetry (file:///C:/Developer/workspace/design/chaos_style/node_modules/.pnpm/storybook@10.4.3_@testing-l_8fcd3a988ea73fad03740120670d038b/node_modules/storybook/dist/_node-chunks/chunk-ZQ5NLTS2.js:655:12)
[10:51:08.281] [WARN] Broken build, fix the error above.
You may need to refresh the browser.
[10:51:08.870] [DEBUG] ChangeDetectionResolverFactory: 'class-variance-authority' from 'C:/Developer/workspace/design/chaos_style/components/ui/browse-input.tsx' unresolved ("." is not exported under the conditions ["storybook", "stories", "test", "module", "browser", "development|production"] from package C:/Developer/workspace/design/chaos_style\node_modules\class-variance-authority (see exports field in C:/Developer/workspace/design/chaos_style\node_modules\class-variance-authority\package.json))
[10:51:08.870] [DEBUG] Could not resolve class-variance-authority from C:/Developer/workspace/design/chaos_style/components/ui/browse-input.tsx
[10:51:09.002] [DEBUG] ChangeDetectionResolverFactory: 'class-variance-authority' from 'C:/Developer/workspace/design/chaos_style/components/ui/badge.tsx' unresolved ("." is not exported under the conditions ["storybook", "stories", "test", "module", "browser", "development|production"] from package C:/Developer/workspace/design/chaos_style\node_modules\class-variance-authority (see exports field in C:/Developer/workspace/design/chaos_style\node_modules\class-variance-authority\package.json))
[10:51:09.002] [DEBUG] Could not resolve class-variance-authority from C:/Developer/workspace/design/chaos_style/components/ui/badge.tsx
[10:51:09.004] [DEBUG] ChangeDetectionResolverFactory: 'react-day-picker' from 'C:/Developer/workspace/design/chaos_style/components/ui/calendar.tsx' unresolved ("." is not exported under the conditions ["storybook", "stories", "test", "module", "browser", "development|production"] from package C:/Developer/workspace/design/chaos_style\node_modules\react-day-picker (see exports field in C:/Developer/workspace/design/chaos_style\node_modules\react-day-picker\package.json))
[10:51:09.004] [DEBUG] Could not resolve react-day-picker from C:/Developer/workspace/design/chaos_style/components/ui/calendar.tsx
[10:51:09.004] [DEBUG] ChangeDetectionResolverFactory: 'class-variance-authority' from 'C:/Developer/workspace/design/chaos_style/components/ui/alert.tsx' unresolved ("." is not exported under the conditions ["storybook", "stories", "test", "module", "browser", "development|production"] from package C:/Developer/workspace/design/chaos_style\node_modules\class-variance-authority (see exports field in C:/Developer/workspace/design/chaos_style\node_modules\class-variance-authority\package.json))
[10:51:09.004] [DEBUG] Could not resolve class-variance-authority from C:/Developer/workspace/design/chaos_style/components/ui/alert.tsx
[10:51:09.007] [DEBUG] ChangeDetectionResolverFactory: 'class-variance-authority' from 'C:/Developer/workspace/design/chaos_style/components/ui/button.tsx' unresolved ("." is not exported under the conditions ["storybook", "stories", "test", "module", "browser", "development|production"] from package C:/Developer/workspace/design/chaos_style\node_modules\class-variance-authority (see exports field in C:/Developer/workspace/design/chaos_style\node_modules\class-variance-authority\package.json))
[10:51:09.007] [DEBUG] Could not resolve class-variance-authority from C:/Developer/workspace/design/chaos_style/components/ui/button.tsx
[10:51:09.013] [DEBUG] ChangeDetectionResolverFactory: 'cmdk' from 'C:/Developer/workspace/design/chaos_style/components/ui/command.tsx' unresolved ("." is not exported under the conditions ["storybook", "stories", "test", "module", "browser", "development|production"] from package C:/Developer/workspace/design/chaos_style\node_modules\cmdk (see exports field in C:/Developer/workspace/design/chaos_style\node_modules\cmdk\package.json))
[10:51:09.013] [DEBUG] Could not resolve cmdk from C:/Developer/workspace/design/chaos_style/components/ui/command.tsx
[10:51:09.015] [DEBUG] ChangeDetectionResolverFactory: 'react-dropzone' from 'C:/Developer/workspace/design/chaos_style/components/ui/file-upload.tsx' unresolved ("." is not exported under the conditions ["storybook", "stories", "test", "module", "browser", "development|production"] from package C:/Developer/workspace/design/chaos_style\node_modules\react-dropzone (see exports field in C:/Developer/workspace/design/chaos_style\node_modules\react-dropzone\package.json))
[10:51:09.015] [DEBUG] Could not resolve react-dropzone from C:/Developer/workspace/design/chaos_style/components/ui/file-upload.tsx
[10:51:09.015] [DEBUG] ChangeDetectionResolverFactory: 'vaul' from 'C:/Developer/workspace/design/chaos_style/components/ui/drawer.tsx' unresolved ("." is not exported under the conditions ["storybook", "stories", "test", "module", "browser", "development|production"] from package C:/Developer/workspace/design/chaos_style\node_modules\vaul (see exports field in C:/Developer/workspace/design/chaos_style\node_modules\vaul\package.json))
[10:51:09.015] [DEBUG] Could not resolve vaul from C:/Developer/workspace/design/chaos_style/components/ui/drawer.tsx
[10:51:09.015] [DEBUG] ChangeDetectionResolverFactory: 'class-variance-authority' from 'C:/Developer/workspace/design/chaos_style/components/ui/grid-layout.tsx' unresolved ("." is not exported under the conditions ["storybook", "stories", "test", "module", "browser", "development|production"] from package C:/Developer/workspace/design/chaos_style\node_modules\class-variance-authority (see exports field in C:/Developer/workspace/design/chaos_style\node_modules\class-variance-authority\package.json))
[10:51:09.015] [DEBUG] Could not resolve class-variance-authority from C:/Developer/workspace/design/chaos_style/components/ui/grid-layout.tsx
[10:51:09.017] [DEBUG] ChangeDetectionResolverFactory: 'class-variance-authority' from 'C:/Developer/workspace/design/chaos_style/components/ui/form-grid.tsx' unresolved ("." is not exported under the conditions ["storybook", "stories", "test", "module", "browser", "development|production"] from package C:/Developer/workspace/design/chaos_style\node_modules\class-variance-authority (see exports field in C:/Developer/workspace/design/chaos_style\node_modules\class-variance-authority\package.json))
[10:51:09.017] [DEBUG] Could not resolve class-variance-authority from C:/Developer/workspace/design/chaos_style/components/ui/form-grid.tsx
[10:51:09.019] [DEBUG] ChangeDetectionResolverFactory: 'class-variance-authority' from 'C:/Developer/workspace/design/chaos_style/components/ui/input-group.tsx' unresolved ("." is not exported under the conditions ["storybook", "stories", "test", "module", "browser", "development|production"] from package C:/Developer/workspace/design/chaos_style\node_modules\class-variance-authority (see exports field in C:/Developer/workspace/design/chaos_style\node_modules\class-variance-authority\package.json))
[10:51:09.019] [DEBUG] Could not resolve class-variance-authority from C:/Developer/workspace/design/chaos_style/components/ui/input-group.tsx
[10:51:09.020] [DEBUG] ChangeDetectionResolverFactory: 'class-variance-authority' from 'C:/Developer/workspace/design/chaos_style/components/ui/form-section.tsx' unresolved ("." is not exported under the conditions ["storybook", "stories", "test", "module", "browser", "development|production"] from package C:/Developer/workspace/design/chaos_style\node_modules\class-variance-authority (see exports field in C:/Developer/workspace/design/chaos_style\node_modules\class-variance-authority\package.json))
[10:51:09.020] [DEBUG] Could not resolve class-variance-authority from C:/Developer/workspace/design/chaos_style/components/ui/form-section.tsx
[10:51:09.028] [DEBUG] ChangeDetectionResolverFactory: 'class-variance-authority' from 'C:/Developer/workspace/design/chaos_style/components/ui/kpi-panel.tsx' unresolved ("." is not exported under the conditions ["storybook", "stories", "test", "module", "browser", "development|production"] from package C:/Developer/workspace/design/chaos_style\node_modules\class-variance-authority (see exports field in C:/Developer/workspace/design/chaos_style\node_modules\class-variance-authority\package.json))
[10:51:09.028] [DEBUG] Could not resolve class-variance-authority from C:/Developer/workspace/design/chaos_style/components/ui/kpi-panel.tsx
[10:51:09.028] [DEBUG] ChangeDetectionResolverFactory: 'class-variance-authority' from 'C:/Developer/workspace/design/chaos_style/components/ui/navigation-menu.tsx' unresolved ("." is not exported under the conditions ["storybook", "stories", "test", "module", "browser", "development|production"] from package C:/Developer/workspace/design/chaos_style\node_modules\class-variance-authority (see exports field in C:/Developer/workspace/design/chaos_style\node_modules\class-variance-authority\package.json))
[10:51:09.028] [DEBUG] Could not resolve class-variance-authority from C:/Developer/workspace/design/chaos_style/components/ui/navigation-menu.tsx
[10:51:09.028] [DEBUG] ChangeDetectionResolverFactory: 'class-variance-authority' from 'C:/Developer/workspace/design/chaos_style/components/ui/page-container.tsx' unresolved ("." is not exported under the conditions ["storybook", "stories", "test", "module", "browser", "development|production"] from package C:/Developer/workspace/design/chaos_style\node_modules\class-variance-authority (see exports field in C:/Developer/workspace/design/chaos_style\node_modules\class-variance-authority\package.json))
[10:51:09.028] [DEBUG] Could not resolve class-variance-authority from C:/Developer/workspace/design/chaos_style/components/ui/page-container.tsx
[10:51:09.121] [DEBUG] ChangeDetectionResolverFactory: 'class-variance-authority' from 'C:/Developer/workspace/design/chaos_style/components/ui/sidebar.tsx' unresolved ("." is not exported under the conditions ["storybook", "stories", "test", "module", "browser", "development|production"] from package C:/Developer/workspace/design/chaos_style\node_modules\class-variance-authority (see exports field in C:/Developer/workspace/design/chaos_style\node_modules\class-variance-authority\package.json))
[10:51:09.121] [DEBUG] Could not resolve class-variance-authority from C:/Developer/workspace/design/chaos_style/components/ui/sidebar.tsx
[10:51:09.121] [DEBUG] ChangeDetectionResolverFactory: 'class-variance-authority' from 'C:/Developer/workspace/design/chaos_style/components/ui/tabs.tsx' unresolved ("." is not exported under the conditions ["storybook", "stories", "test", "module", "browser", "development|production"] from package C:/Developer/workspace/design/chaos_style\node_modules\class-variance-authority (see exports field in C:/Developer/workspace/design/chaos_style\node_modules\class-variance-authority\package.json))
[10:51:09.121] [DEBUG] Could not resolve class-variance-authority from C:/Developer/workspace/design/chaos_style/components/ui/tabs.tsx
[10:51:09.137] [DEBUG] ChangeDetectionResolverFactory: 'class-variance-authority' from 'C:/Developer/workspace/design/chaos_style/components/ui/toggle.tsx' unresolved ("." is not exported under the conditions ["storybook", "stories", "test", "module", "browser", "development|production"] from package C:/Developer/workspace/design/chaos_style\node_modules\class-variance-authority (see exports field in C:/Developer/workspace/design/chaos_style\node_modules\class-variance-authority\package.json))
[10:51:09.137] [DEBUG] Could not resolve class-variance-authority from C:/Developer/workspace/design/chaos_style/components/ui/toggle.tsx
[10:51:09.139] [DEBUG] ChangeDetectionResolverFactory: 'class-variance-authority' from 'C:/Developer/workspace/design/chaos_style/components/ui/timeline.tsx' unresolved ("." is not exported under the conditions ["storybook", "stories", "test", "module", "browser", "development|production"] from package C:/Developer/workspace/design/chaos_style\node_modules\class-variance-authority (see exports field in C:/Developer/workspace/design/chaos_style\node_modules\class-variance-authority\package.json))
[10:51:09.139] [DEBUG] Could not resolve class-variance-authority from C:/Developer/workspace/design/chaos_style/components/ui/timeline.tsx
[10:51:09.145] [DEBUG] ChangeDetectionResolverFactory: 'next-themes' from 'C:/Developer/workspace/design/chaos_style/components/ui/sonner.tsx' unresolved ("." is not exported under the conditions ["storybook", "stories", "test", "module", "browser", "development|production"] from package C:/Developer/workspace/design/chaos_style\node_modules\next-themes (see exports field in C:/Developer/workspace/design/chaos_style\node_modules\next-themes\package.json))
[10:51:09.145] [DEBUG] Could not resolve next-themes from C:/Developer/workspace/design/chaos_style/components/ui/sonner.tsx
[10:51:09.163] [DEBUG] ChangeDetectionResolverFactory: '@tanstack/react-virtual' from 'C:/Developer/workspace/design/chaos_style/components/ui/virtual-table.tsx' unresolved ("." is not exported under the conditions ["storybook", "stories", "test", "module", "browser", "development|production"] from package C:/Developer/workspace/design/chaos_style\node_modules\@tanstack\react-virtual (see exports field in C:/Developer/workspace/design/chaos_style\node_modules\@tanstack\react-virtual\package.json))
[10:51:09.163] [DEBUG] Could not resolve @tanstack/react-virtual from C:/Developer/workspace/design/chaos_style/components/ui/virtual-table.tsx
[10:51:09.163] [DEBUG] ChangeDetectionResolverFactory: '@tanstack/react-virtual' from 'C:/Developer/workspace/design/chaos_style/components/ui/virtual-list.tsx' unresolved ("." is not exported under the conditions ["storybook", "stories", "test", "module", "browser", "development|production"] from package C:/Developer/workspace/design/chaos_style\node_modules\@tanstack\react-virtual (see exports field in C:/Developer/workspace/design/chaos_style\node_modules\@tanstack\react-virtual\package.json))
[10:51:09.163] [DEBUG] Could not resolve @tanstack/react-virtual from C:/Developer/workspace/design/chaos_style/components/ui/virtual-list.tsx
[10:51:09.175] [DEBUG] ChangeDetectionResolverFactory: '@/components/business/form-autosave-indicator' from 'C:/Developer/workspace/design/chaos_style/src/business/Form.stories.tsx' unresolved (Cannot find module '@/components/business/form-autosave-indicator')
[10:51:09.175] [DEBUG] Could not resolve @/components/business/form-autosave-indicator from C:/Developer/workspace/design/chaos_style/src/business/Form.stories.tsx
[10:51:09.250] [INFO] [43mVite[49m [optimizer] bundling dependencies...
[10:51:09.290] [DEBUG] ChangeDetectionResolverFactory: '@tiptap/react' from 'C:/Developer/workspace/design/chaos_style/components/business/rich-text-editor.tsx' unresolved ("." is not exported under the conditions ["storybook", "stories", "test", "module", "browser", "development|production"] from package C:/Developer/workspace/design/chaos_style\node_modules\@tiptap\react (see exports field in C:/Developer/workspace/design/chaos_style\node_modules\@tiptap\react\package.json))
[10:51:09.290] [DEBUG] Could not resolve @tiptap/react from C:/Developer/workspace/design/chaos_style/components/business/rich-text-editor.tsx
[10:51:09.295] [DEBUG] ChangeDetectionResolverFactory: '@tiptap/starter-kit' from 'C:/Developer/workspace/design/chaos_style/components/business/rich-text-editor.tsx' unresolved ("." is not exported under the conditions ["storybook", "stories", "test", "module", "browser", "development|production"] from package C:/Developer/workspace/design/chaos_style\node_modules\@tiptap\starter-kit (see exports field in C:/Developer/workspace/design/chaos_style\node_modules\@tiptap\starter-kit\package.json))
[10:51:09.295] [DEBUG] Could not resolve @tiptap/starter-kit from C:/Developer/workspace/design/chaos_style/components/business/rich-text-editor.tsx
[10:51:09.300] [DEBUG] ChangeDetectionResolverFactory: '@tiptap/extension-link' from 'C:/Developer/workspace/design/chaos_style/components/business/rich-text-editor.tsx' unresolved ("." is not exported under the conditions ["storybook", "stories", "test", "module", "browser", "development|production"] from package C:/Developer/workspace/design/chaos_style\node_modules\@tiptap\extension-link (see exports field in C:/Developer/workspace/design/chaos_style\node_modules\@tiptap\extension-link\package.json))
[10:51:09.300] [DEBUG] Could not resolve @tiptap/extension-link from C:/Developer/workspace/design/chaos_style/components/business/rich-text-editor.tsx
[10:51:09.310] [DEBUG] ChangeDetectionResolverFactory: '@tiptap/extension-image' from 'C:/Developer/workspace/design/chaos_style/components/business/rich-text-editor.tsx' unresolved ("." is not exported under the conditions ["storybook", "stories", "test", "module", "browser", "development|production"] from package C:/Developer/workspace/design/chaos_style\node_modules\@tiptap\extension-image (see exports field in C:/Developer/workspace/design/chaos_style\node_modules\@tiptap\extension-image\package.json))
[10:51:09.311] [DEBUG] Could not resolve @tiptap/extension-image from C:/Developer/workspace/design/chaos_style/components/business/rich-text-editor.tsx
[10:51:09.318] [DEBUG] ChangeDetectionResolverFactory: '@tiptap/extension-placeholder' from 'C:/Developer/workspace/design/chaos_style/components/business/rich-text-editor.tsx' unresolved ("." is not exported under the conditions ["storybook", "stories", "test", "module", "browser", "development|production"] from package C:/Developer/workspace/design/chaos_style\node_modules\@tiptap\extension-placeholder (see exports field in C:/Developer/workspace/design/chaos_style\node_modules\@tiptap\extension-placeholder\package.json))
[10:51:09.318] [DEBUG] Could not resolve @tiptap/extension-placeholder from C:/Developer/workspace/design/chaos_style/components/business/rich-text-editor.tsx
[10:51:09.543] [DEBUG] ChangeDetectionResolverFactory: '@uiw/react-codemirror' from 'C:/Developer/workspace/design/chaos_style/components/business/code-editor.tsx' unresolved ("." is not exported under the conditions ["storybook", "stories", "test", "module", "browser", "development|production"] from package C:/Developer/workspace/design/chaos_style\node_modules\@uiw\react-codemirror (see exports field in C:/Developer/workspace/design/chaos_style\node_modules\@uiw\react-codemirror\package.json))
[10:51:09.543] [DEBUG] Could not resolve @uiw/react-codemirror from C:/Developer/workspace/design/chaos_style/components/business/code-editor.tsx
[10:51:09.561] [DEBUG] ChangeDetectionResolverFactory: '@codemirror/lang-javascript' from 'C:/Developer/workspace/design/chaos_style/components/business/code-editor.tsx' unresolved ("." is not exported under the conditions ["storybook", "stories", "test", "module", "browser", "development|production"] from package C:/Developer/workspace/design/chaos_style\node_modules\@codemirror\lang-javascript (see exports field in C:/Developer/workspace/design/chaos_style\node_modules\@codemirror\lang-javascript\package.json))
[10:51:09.561] [DEBUG] Could not resolve @codemirror/lang-javascript from C:/Developer/workspace/design/chaos_style/components/business/code-editor.tsx
[10:51:09.583] [DEBUG] ChangeDetectionResolverFactory: '@codemirror/lang-html' from 'C:/Developer/workspace/design/chaos_style/components/business/code-editor.tsx' unresolved ("." is not exported under the conditions ["storybook", "stories", "test", "module", "browser", "development|production"] from package C:/Developer/workspace/design/chaos_style\node_modules\@codemirror\lang-html (see exports field in C:/Developer/workspace/design/chaos_style\node_modules\@codemirror\lang-html\package.json))
[10:51:09.583] [DEBUG] Could not resolve @codemirror/lang-html from C:/Developer/workspace/design/chaos_style/components/business/code-editor.tsx
[10:51:09.595] [DEBUG] ChangeDetectionResolverFactory: '@codemirror/lang-css' from 'C:/Developer/workspace/design/chaos_style/components/business/code-editor.tsx' unresolved ("." is not exported under the conditions ["storybook", "stories", "test", "module", "browser", "development|production"] from package C:/Developer/workspace/design/chaos_style\node_modules\@codemirror\lang-css (see exports field in C:/Developer/workspace/design/chaos_style\node_modules\@codemirror\lang-css\package.json))
[10:51:09.595] [DEBUG] Could not resolve @codemirror/lang-css from C:/Developer/workspace/design/chaos_style/components/business/code-editor.tsx
[10:51:09.621] [DEBUG] ChangeDetectionResolverFactory: 'class-variance-authority' from 'C:/Developer/workspace/design/chaos_style/components/ui/dot.tsx' unresolved ("." is not exported under the conditions ["storybook", "stories", "test", "module", "browser", "development|production"] from package C:/Developer/workspace/design/chaos_style\node_modules\class-variance-authority (see exports field in C:/Developer/workspace/design/chaos_style\node_modules\class-variance-authority\package.json))
[10:51:09.621] [DEBUG] Could not resolve class-variance-authority from C:/Developer/workspace/design/chaos_style/components/ui/dot.tsx
[10:51:09.621] [DEBUG] ChangeDetectionResolverFactory: '@codemirror/lang-json' from 'C:/Developer/workspace/design/chaos_style/components/business/code-editor.tsx' unresolved ("." is not exported under the conditions ["storybook", "stories", "test", "module", "browser", "development|production"] from package C:/Developer/workspace/design/chaos_style\node_modules\@codemirror\lang-json (see exports field in C:/Developer/workspace/design/chaos_style\node_modules\@codemirror\lang-json\package.json))
[10:51:09.621] [DEBUG] Could not resolve @codemirror/lang-json from C:/Developer/workspace/design/chaos_style/components/business/code-editor.tsx
[10:51:09.628] [DEBUG] ChangeDetectionResolverFactory: '@codemirror/lang-python' from 'C:/Developer/workspace/design/chaos_style/components/business/code-editor.tsx' unresolved ("." is not exported under the conditions ["storybook", "stories", "test", "module", "browser", "development|production"] from package C:/Developer/workspace/design/chaos_style\node_modules\@codemirror\lang-python (see exports field in C:/Developer/workspace/design/chaos_style\node_modules\@codemirror\lang-python\package.json))
[10:51:09.628] [DEBUG] Could not resolve @codemirror/lang-python from C:/Developer/workspace/design/chaos_style/components/business/code-editor.tsx
[10:51:09.633] [DEBUG] ChangeDetectionResolverFactory: '@codemirror/theme-one-dark' from 'C:/Developer/workspace/design/chaos_style/components/business/code-editor.tsx' unresolved ("." is not exported under the conditions ["storybook", "stories", "test", "module", "browser", "development|production"] from package C:/Developer/workspace/design/chaos_style\node_modules\@codemirror\theme-one-dark (see exports field in C:/Developer/workspace/design/chaos_style\node_modules\@codemirror\theme-one-dark\package.json))
[10:51:09.633] [DEBUG] Could not resolve @codemirror/theme-one-dark from C:/Developer/workspace/design/chaos_style/components/business/code-editor.tsx
[10:51:10.312] [DEBUG] Change detection graph built: 84 stories, 221 deps tracked, 2460ms